     1 00000000                                 ; haribote-ipl
     2 00000000                                 ; TAB=4
     3  = 0000000A                              	CYLS	EQU		10
     4 00000000                                 
     5                                          		ORG		0x7c00			; このプログラムがどこに読み込まれるのか
     6 00007C00                                 
     7 00007C00                                 ; 以下は標準的なFAT12フォーマットフロッピーディスクのための記述
     8 00007C00                                 
     9 00007C00 EB 4E                           		JMP		entry
    10 00007C02 90                              		DB		0x90
    11 00007C03 48 41 52 49 42 4F 54 45         		DB		"HARIBOTE"		; ブートセクタの名前を自由に書いてよい（8バイト）
    12 00007C0B 0200                            		DW		512				; 1セクタの大きさ（512にしなければいけない）
    13 00007C0D 01                              		DB		1				; クラスタの大きさ（1セクタにしなければいけない）
    14 00007C0E 0001                            		DW		1				; FATがどこから始まるか（普通は1セクタ目からにする）
    15 00007C10 02                              		DB		2				; FATの個数（2にしなければいけない）
    16 00007C11 00E0                            		DW		224				; ルートディレクトリ領域の大きさ（普通は224エントリにする）
    17 00007C13 0B40                            		DW		2880			; このドライブの大きさ（2880セクタにしなければいけない）
    18 00007C15 F0                              		DB		0xf0			; メディアのタイプ（0xf0にしなければいけない）
    19 00007C16 0009                            		DW		9				; FAT領域の長さ（9セクタにしなければいけない）
    20 00007C18 0012                            		DW		18				; 1トラックにいくつのセクタがあるか（18にしなければいけない）
    21 00007C1A 0002                            		DW		2				; ヘッドの数（2にしなければいけない）
    22 00007C1C 00000000                        		DD		0				; パーティションを使ってないのでここは必ず0
    23 00007C20 00000B40                        		DD		2880			; このドライブ大きさをもう一度書く
    24 00007C24 00 00 29                        		DB		0,0,0x29		; よくわからないけどこの値にしておくといいらしい
    25 00007C27 FFFFFFFF                        		DD		0xffffffff		; たぶんボリュームシリアル番号
    26 00007C2B 48 41 52 49 42 4F 54 45 4F 53   		DB		"HARIBOTEOS "	; ディスクの名前（11バイト）
       00007C35 20 
    27 00007C36 46 41 54 31 32 20 20 20         		DB		"FAT12   "		; フォーマットの名前（8バイト）
    28 00007C3E 00 00 00 00 00 00 00 00 00 00   		RESB	18				; とりあえず18バイトあけておく
       00007C48 00 00 00 00 00 00 00 00 
    29 00007C50                                 
    30 00007C50                                 ; プログラム本体
    31 00007C50                                 
    32 00007C50                                 entry:
    33 00007C50 B8 0000                         		MOV		AX,0			; レジスタ初期化
    34 00007C53 8E D0                           		MOV		SS,AX
    35 00007C55 BC 7C00                         		MOV		SP,0x7c00
    36 00007C58 8E D8                           		MOV		DS,AX
    37 00007C5A                                 
    38 00007C5A                                 ; ディスクを読む
    39 00007C5A                                 
    40 00007C5A B8 0820                         		MOV		AX,0x0820           
    41 00007C5D 8E C0                           		MOV		ES,AX              ;[ES:BX]将??的第二扇区里?制??个地址??的内存 
    42 00007C5F                                 		;第一扇区是?机自?加?到内存0x7c00??的内存也就是?在正在写的?个??文件会被
    43 00007C5F                                 		;??成机器?加??ox7c00           ox7c00 + 0x200 = ox7e00
    44 00007C5F B5 00                           		MOV		CH,0			; 柱面0
    45 00007C61 B6 00                           		MOV		DH,0			; 磁?0
    46 00007C63 B1 02                           		MOV		CL,2			; 扇区2
    47 00007C65                                 
    48 00007C65                                 readloop:
    49 00007C65 BE 0000                         		MOV		SI,0			;??失?次数的寄存器
    50 00007C68                                 retry：
    51 00007C68 B4 02                           		MOV		AH,0x02			; AH=0x02 : ??
    52 00007C6A B0 01                           		MOV		AL,1			; 同????理的扇区数
    53 00007C6C BB 0000                         		MOV		BX,0
    54 00007C6F B2 00                           		MOV		DL,0x00			; A??器
    55 00007C71 CD 13                           		INT		0x13			; ?用bios磁??取例程
    56 00007C73 73 11                           		JNC		next           ;jump if not carry flag（CF） cf?1?用失?
    57 00007C75                                 		
    58 00007C75 83 C6 01                        		ADD		SI,1
    59 00007C78 83 FE 05                        		CMP		SI,5
    60 00007C7B 73 2F                           		JAE		error                 ;jump if above or equal
    61 00007C7D                                 		
    62 00007C7D B4 00                           		MOV 	AH,0x00
    63 00007C7F B2 00                           		MOV		DL,0x00
    64 00007C81 CD 13                           		INT		0x13                  ;重置??器
    65 00007C83 E9 837A                         		JMP		retry
      >> [ERROR #012] expression error.
    66 00007C86                                 
    67 00007C86                                 next:
    68 00007C86 8C C0                           		MOV		AX,ES              ;把内存地址后移0x200      512个字?
    69 00007C88 05 0020                         		ADD		AX,0x0020
    70 00007C8B 8E C0                           		MOV 	ES,AX
    71 00007C8D                                 		
    72 00007C8D 80 C1 01                        		ADD		CL,1                ;以此?推?了18个扇区，但
    73 00007C90                                 		;我?已?把磁?上C0-H0-S2到C0-H0-S18的512×17=8 704字?的内容，装?到了内存的0x8200〜0xa3ff
    74 00007C90 80 F9 12                        		CMP		CL,18
    75 00007C93 76 D0                           		JBE		readloop            ;below or equal   小于或等于
    76 00007C95                                 		;?完正面18个扇区?始?反面
    77 00007C95                                 		
    78 00007C95 B1 01                           		MOV 	CL,1			;扇区1
    79 00007C97 80 C6 01                        		ADD		DH,1          	;磁?1
    80 00007C9A 80 FE 02                        		CMP 	DH,2
    81 00007C9D 72 C6                           		JB		readloop
    82 00007C9F                                 		
    83 00007C9F B6 00                           		MOV		DH,0
    84 00007CA1 80 C5 01                        		ADD		CH,1
    85 00007CA4 80 FD 0A                        		CMP		CH,CYLS
    86 00007CA7 72 BC                           		JB		readloop
    87 00007CA9                                 
    88 00007CA9                                 fin:
    89 00007CA9 F4                              		HLT						; 何かあるまでCPUを停止させる
    90 00007CAA EB FD                           		JMP		fin				; 無限ループ
    91 00007CAC                                 
    92 00007CAC                                 error:
    93 00007CAC BE 7CC1                         		MOV		SI,msg
    94 00007CAF                                 putloop:
    95 00007CAF 8A 04                           		MOV		AL,[SI]
    96 00007CB1 83 C6 01                        		ADD		SI,1			; SIに1を足す
    97 00007CB4 3C 00                           		CMP		AL,0
    98 00007CB6 74 F1                           		JE		fin
    99 00007CB8 B4 0E                           		MOV		AH,0x0e			; 一文字表示ファンクション
   100 00007CBA BB 000F                         		MOV		BX,15			; カラーコード
   101 00007CBD CD 10                           		INT		0x10			; ビデオBIOS呼び出し
   102 00007CBF EB EE                           		JMP		putloop
   103 00007CC1                                 msg:
   104 00007CC1 0A 0A                           		DB		0x0a, 0x0a		; 改行を2つ
   105 00007CC3 6C 6F 61 64 20 65 72 72 6F 72   		DB		"load error"
   106 00007CCD 0A                              		DB		0x0a			; 改行
   107 00007CCE 00                              		DB		0
   108 00007CCF                                 
   109 00007CCF 00 00 00 00 00 00 00 00 00 00   		RESB	0x7dfe-$		; 0x7dfeまでを0x00で埋める命令
       00007CD9 00 00 00 00 00 00 00 00 00 00 
       00007CE3 00 00 00 00 00 00 00 00 00 00 
       00007CED 00 00 00 00 00 00 00 00 00 00 
       00007CF7 00 00 00 00 00 00 00 00 00 00 
       00007D01 00 00 00 00 00 00 00 00 00 00 
       00007D0B 00 00 00 00 00 00 00 00 00 00 
       00007D15 00 00 00 00 00 00 00 00 00 00 
       00007D1F 00 00 00 00 00 00 00 00 00 00 
       00007D29 00 00 00 00 00 00 00 00 00 00 
       00007D33 00 00 00 00 00 00 00 00 00 00 
       00007D3D 00 00 00 00 00 00 00 00 00 00 
       00007D47 00 00 00 00 00 00 00 00 00 00 
       00007D51 00 00 00 00 00 00 00 00 00 00 
       00007D5B 00 00 00 00 00 00 00 00 00 00 
       00007D65 00 00 00 00 00 00 00 00 00 00 
       00007D6F 00 00 00 00 00 00 00 00 00 00 
       00007D79 00 00 00 00 00 00 00 00 00 00 
       00007D83 00 00 00 00 00 00 00 00 00 00 
       00007D8D 00 00 00 00 00 00 00 00 00 00 
       00007D97 00 00 00 00 00 00 00 00 00 00 
       00007DA1 00 00 00 00 00 00 00 00 00 00 
       00007DAB 00 00 00 00 00 00 00 00 00 00 
       00007DB5 00 00 00 00 00 00 00 00 00 00 
       00007DBF 00 00 00 00 00 00 00 00 00 00 
       00007DC9 00 00 00 00 00 00 00 00 00 00 
       00007DD3 00 00 00 00 00 00 00 00 00 00 
       00007DDD 00 00 00 00 00 00 00 00 00 00 
       00007DE7 00 00 00 00 00 00 00 00 00 00 
       00007DF1 00 00 00 00 00 00 00 00 00 00 
       00007DFB 00 00 00 
   110 00007DFE                                 
   111 00007DFE 55 AA                           		DB		0x55, 0xaa
