     1 00000000                                 ; haribote-ipl
     2 00000000                                 ; TAB=4
     3 00000000                                 
     4  = 0000000A                              CYLS	EQU		10				; どこまで読み込むか
     5 00000000                                 
     6                                          		ORG		0x7c00			; このプログラムがどこに読み込まれるのか
     7 00007C00                                 
     8 00007C00                                 ; 以下は標準的なFAT12フォーマットフロッピーディスクのための記述
     9 00007C00                                 
    10 00007C00 EB 4E                           		JMP		entry
    11 00007C02 90                              		DB		0x90
    12 00007C03 48 41 52 49 42 4F 54 45         		DB		"HARIBOTE"		; ブートセクタの名前を自由に書いてよい（8バイト）
    13 00007C0B 0200                            		DW		512				; 1セクタの大きさ（512にしなければいけない）
    14 00007C0D 01                              		DB		1				; クラスタの大きさ（1セクタにしなければいけない）
    15 00007C0E 0001                            		DW		1				; FATがどこから始まるか（普通は1セクタ目からにする）
    16 00007C10 02                              		DB		2				; FATの個数（2にしなければいけない）
    17 00007C11 00E0                            		DW		224				; ルートディレクトリ領域の大きさ（普通は224エントリにする）
    18 00007C13 0B40                            		DW		2880			; このドライブの大きさ（2880セクタにしなければいけない）
    19 00007C15 F0                              		DB		0xf0			; メディアのタイプ（0xf0にしなければいけない）
    20 00007C16 0009                            		DW		9				; FAT領域の長さ（9セクタにしなければいけない）
    21 00007C18 0012                            		DW		18				; 1トラックにいくつのセクタがあるか（18にしなければいけない）
    22 00007C1A 0002                            		DW		2				; ヘッドの数（2にしなければいけない）
    23 00007C1C 00000000                        		DD		0				; パーティションを使ってないのでここは必ず0
    24 00007C20 00000B40                        		DD		2880			; このドライブ大きさをもう一度書く
    25 00007C24 00 00 29                        		DB		0,0,0x29		; よくわからないけどこの値にしておくといいらしい
    26 00007C27 FFFFFFFF                        		DD		0xffffffff		; たぶんボリュームシリアル番号
    27 00007C2B 48 41 52 49 42 4F 54 45 4F 53   		DB		"HARIBOTEOS "	; ディスクの名前（11バイト）
       00007C35 20 
    28 00007C36 46 41 54 31 32 20 20 20         		DB		"FAT12   "		; フォーマットの名前（8バイト）
    29 00007C3E 00 00 00 00 00 00 00 00 00 00   		RESB	18				; とりあえず18バイトあけておく
       00007C48 00 00 00 00 00 00 00 00 
    30 00007C50                                 
    31 00007C50                                 ; プログラム本体
    32 00007C50                                 
    33 00007C50                                 entry:
    34 00007C50 B8 0000                         		MOV		AX,0			; 初始化
    35 00007C53 8E D0                           		MOV		SS,AX
    36 00007C55 BC 7C00                         		MOV		SP,0x7c00
    37 00007C58 8E D8                           		MOV		DS,AX
    38 00007C5A                                 
    39 00007C5A                                 ; ディスクを読む
    40 00007C5A                                 
    41 00007C5A B8 0820                         		MOV		AX,0x0820           
    42 00007C5D 8E C0                           		MOV		ES,AX             ; [ES:BX]将软盘的第二扇区里数据放到地址[ES:BX]开始的内存 
    43 00007C5F                                 		;第一扇区是开机自动加载到内存0x7c00开始的内存也就是现在正在写的这个汇编文件会被
    44 00007C5F                                 		;编译成机器码加载到ox7c00 0x00007c00-0x00007dff：读取引导扇区的地址 
    45 00007C5F B5 00                           		MOV		CH,0			; 柱面0
    46 00007C61 B6 00                           		MOV		DH,0			; 磁头0
    47 00007C63 B1 02                           		MOV		CL,2			; 扇区2
    48 00007C65                                 
    49 00007C65                                 readloop:
    50 00007C65 BE 0000                         		MOV		SI,0			;记录失败次数的寄存器
    51 00007C68                                 retry：
    52 00007C68 B4 02                           		MOV		AH,0x02			; AH=0x02 : 读磁盘
    53 00007C6A B0 01                           		MOV		AL,1			; 连续处理的扇区数
    54 00007C6C BB 0000                         		MOV		BX,0
    55 00007C6F B2 00                           		MOV		DL,0x00			; A驱动器
    56 00007C71 CD 13                           		INT		0x13			; 调用bios内的例程
    57 00007C73 73 11                           		JNC		next           ;jump if not carry flag（CF） cf=1  调用失败
    58 00007C75                                 		
    59 00007C75 83 C6 01                        		ADD		SI,1
    60 00007C78 83 FE 05                        		CMP		SI,5
    61 00007C7B 73 33                           		JAE		error                 ;jump if above or equal
    62 00007C7D                                 		
    63 00007C7D B4 00                           		MOV 	AH,0x00
    64 00007C7F B2 00                           		MOV		DL,0x00
    65 00007C81 CD 13                           		INT		0x13                  ;重置驱动器
    66 00007C83 E9 837A                         		JMP		retry
      >> [ERROR #012] expression error.
    67 00007C86                                 
    68 00007C86                                 next:
    69 00007C86 8C C0                           		MOV		AX,ES              ;把内存地址后移0x200      512个字节
    70 00007C88 05 0020                         		ADD		AX,0x0020
    71 00007C8B 8E C0                           		MOV 	ES,AX
    72 00007C8D                                 		
    73 00007C8D 80 C1 01                        		ADD		CL,1                ;以此类推了18个扇区，
    74 00007C90                                 		;我们已经把磁盘上C0-H0-S2到C0-H0-S18的512×17=8704字节的内容，装载到了内存的0x8200～0xa3ff处
    75 00007C90 80 F9 12                        		CMP		CL,18
    76 00007C93 76 D0                           		JBE		readloop            ;below or equal   小于或等于
    77 00007C95                                 		;取完正面18个扇区开始取反面
    78 00007C95                                 		
    79 00007C95 B1 01                           		MOV 	CL,1			;扇区1
    80 00007C97 80 C6 01                        		ADD		DH,1          	;磁头1
    81 00007C9A 80 FE 02                        		CMP 	DH,2
    82 00007C9D 72 C6                           		JB		readloop
    83 00007C9F                                 		
    84 00007C9F B6 00                           		MOV		DH,0
    85 00007CA1 80 C5 01                        		ADD		CH,1
    86 00007CA4 80 FD 0A                        		CMP		CH,CYLS
    87 00007CA7 72 BC                           		JB		readloop
    88 00007CA9                                 
    89 00007CA9                                 
    90 00007CA9                                 
    91 00007CA9                                 
    92 00007CA9 88 2E 0FF0                      		MOV		[0x0ff0],CH		; 跳到复制进内存的系统代码去执行
    93 00007CAD E9 4550                         		JMP		0xc200
    94 00007CB0                                 
    95 00007CB0                                 error:
    96 00007CB0 BE 7CC8                         		MOV		SI,msg
    97 00007CB3                                 putloop:
    98 00007CB3 8A 04                           		MOV		AL,[SI]
    99 00007CB5 83 C6 01                        		ADD		SI,1			; SIに1を足す
   100 00007CB8 3C 00                           		CMP		AL,0
   101 00007CBA 74 09                           		JE		fin
   102 00007CBC B4 0E                           		MOV		AH,0x0e			; 一文字表示ファンクション
   103 00007CBE BB 000F                         		MOV		BX,15			; カラーコード
   104 00007CC1 CD 10                           		INT		0x10			; ビデオBIOS呼び出し
   105 00007CC3 EB EE                           		JMP		putloop
   106 00007CC5                                 fin:
   107 00007CC5 F4                              		HLT						; 何かあるまでCPUを停止させる
   108 00007CC6 EB FD                           		JMP		fin				; 無限ループ
   109 00007CC8                                 msg:
   110 00007CC8 0A 0A                           		DB		0x0a, 0x0a		; 改行を2つ
   111 00007CCA 6C 6F 61 64 20 65 72 72 6F 72   		DB		"load error"
   112 00007CD4 0A                              		DB		0x0a			; 改行
   113 00007CD5 00                              		DB		0
   114 00007CD6                                 
   115 00007CD6 00 00 00 00 00 00 00 00 00 00   		RESB	0x7dfe-$		; 0x7dfeまでを0x00で埋める命令
       00007CE0 00 00 00 00 00 00 00 00 00 00 
       00007CEA 00 00 00 00 00 00 00 00 00 00 
       00007CF4 00 00 00 00 00 00 00 00 00 00 
       00007CFE 00 00 00 00 00 00 00 00 00 00 
       00007D08 00 00 00 00 00 00 00 00 00 00 
       00007D12 00 00 00 00 00 00 00 00 00 00 
       00007D1C 00 00 00 00 00 00 00 00 00 00 
       00007D26 00 00 00 00 00 00 00 00 00 00 
       00007D30 00 00 00 00 00 00 00 00 00 00 
       00007D3A 00 00 00 00 00 00 00 00 00 00 
       00007D44 00 00 00 00 00 00 00 00 00 00 
       00007D4E 00 00 00 00 00 00 00 00 00 00 
       00007D58 00 00 00 00 00 00 00 00 00 00 
       00007D62 00 00 00 00 00 00 00 00 00 00 
       00007D6C 00 00 00 00 00 00 00 00 00 00 
       00007D76 00 00 00 00 00 00 00 00 00 00 
       00007D80 00 00 00 00 00 00 00 00 00 00 
       00007D8A 00 00 00 00 00 00 00 00 00 00 
       00007D94 00 00 00 00 00 00 00 00 00 00 
       00007D9E 00 00 00 00 00 00 00 00 00 00 
       00007DA8 00 00 00 00 00 00 00 00 00 00 
       00007DB2 00 00 00 00 00 00 00 00 00 00 
       00007DBC 00 00 00 00 00 00 00 00 00 00 
       00007DC6 00 00 00 00 00 00 00 00 00 00 
       00007DD0 00 00 00 00 00 00 00 00 00 00 
       00007DDA 00 00 00 00 00 00 00 00 00 00 
       00007DE4 00 00 00 00 00 00 00 00 00 00 
       00007DEE 00 00 00 00 00 00 00 00 00 00 
       00007DF8 00 00 00 00 00 00 
   116 00007DFE                                 
   117 00007DFE 55 AA                           		DB		0x55, 0xaa
